1318

509

262

189

332

1289

213

877

962

695

314

478

370

93

864

222

1597

597

162

617

1032

314

180

488

1056

539

571

195

1217

92

1060

767

160

84

98

1395

99

93

989

98

377

983

92

96

1241

618

512

91

198

1482

1158

1817

642

795

77

270

457

226

699

166

405

653

557

1598

185

575

143

1018

806

359

1636

2106

492

4585

1693

162

2621

1130

405

4189

4877

1890

652

183

3565

418

1642

92

1739

1729

2456

3216

2177

183

430

2908

1782

4731

4531

3573
