601 58849
1 75
1 67
2901713047669 1152425932354873
518112356281 169782766699799
435984840 79771413871
30784 4925281
406901 64775151
1 25
28 2269
26947368421 6439880978201
111 4641
11 331
22765 3300781
1 43
1333 194545
158945719401 45799664012751
3368421 521088541
157 7825
1 37
10172526 1928294551
286331153 49868399761
204205 27613783
29 2437
154764793 31764328895
475255 78504713
5229043 660058335
3257437 385749025
21435888 2801832661
26947368421 6439880978201
22624137931 6756622160671
183063616 30276117361
177156 16344637
25 1801
1926221 445209975
2380 166531
81870575521 21976869751727
1331826343 379385286655
6175 586531
813 92625
25 1801
34 3367
1 67
217180147159 64724036441273
57489010371 14866588422225
40358374 9904907167
49659541 8616436959
0 1
46812255 11815946731
637421 112933017
1191 164289
183 9855
3257437 385749025
12356631 2428543027
1589311291 287395735649
22624137931 6756622160671
24 1657
402234 42664987
22624137931 6756622160671
35 3571
1 63
1134979744801 405679078421825
0 1
0 1
40358374 9904907167
0 1
2000719 281651707
17895697 2680790145
931 113521
0 1
14 547
13 469
30 2611
34636833 8258704609
5220 469711
28429701248 8744749928161
37 3997
1 71
732541 134176679
1 49
601 58849
1 53
157 7825
954305 186238143
6357828776 1614806413351
17927094321 4108933742199
1450358887561 532798768795327
1 49
6728904 1181645977
993 125055
1333 194545
1483 228305
346201 53037649
16 721
943531280 189312302221
21243690 4620123691
1 23
114861197401 31964050675249
321272407 73602471905
1464 87781
0 1
30784 4925281
65641 13456201
0 1
41371 3861089
1 25
2745954241 522861237151
39 4447
1191 164289
1111 61051
56355 10989031
2625641 654104241
1885 122461
1222981 253336447
2141491 507807377
44136 7944301
29583456 6847124257
27 2107
1 43
47989 8877781
1 47
0 1
1 57
732541 134176679
754137931 196791037441
57489010371 14866588422225
4288306 693269347
0 1
1 63
17927094321 4108933742199
168421 21766121
0 1
1 69
31 2791
0 1
71270178 19483705459
14900788 3032575309
49659541 8616436959
30 2611
35 3571
29583456 6847124257
1 27
1331826343 379385286655
883708281 151396163127
637421 112933017
67368421 12222859361
19 1027
47989 8877781
25 1801
0 1
33825 5580961
0 1
157 7825
1591616671 466081485729
0 1
435984840 79771413871
5229043 660058335
0 1
601 58849
35 3571
17895697 2680790145
837931 158503681
30941 2702727
62193781 16567713037
754137931 196791037441
0 1
1 75
21243690 4620123691
0 1
0 1
18 919
29583456 6847124257
0 1
0 1
111151 13033657
1 49
0 1
28 2269
0 1
0 1
1 61
46812255 11815946731
133 6095
435984840 79771413871
813 92625
1589311291 287395735649
0 1
1 35
10172526 1928294551
140842348960 53415638841241
2625641 654104241
2141491 507807377
5220 469711
2000719 281651707
813 92625
293292210961 90305634600775
22 1387
114861197401 31964050675249
32 2977
92598520 26608993321
30784 4925281
27 2107
1 75
183 9855
1 27
199411801 42512576449
651 66351
12204241 1732076671
28 2269
0 1
0 1
33825 5580961
463 39775
217180147159 64724036441273
1885 122461
2318107019761 897611086547351
1 77
943531280 189312302221
18 919
1 45
2613136835 593883443671
637421 112933017
1 77
931 113521
0 1
90054427 17053014175
1134979744801 405679078421825
1 49
56355 10989031
757 83215
71270178 19483705459
27931 4329151
2901713047669 1152425932354873
43950269320 14305508364511
22 1387
1 43
1331826343 379385286655
245411 34655985
35 3571
1 53
651 66351
35 3571
47989 8877781
88741 9874655
0 1
217180147159 64724036441273
883708281 151396163127
637421 112933017
7411742281 1554473326175
1591616671 466081485729
1108378657 306896990465
3257437 385749025
0 1
0 1
391794664941 124510466604777
931 113521
1 75
81376659 22815424087
732541 134176679
1376831 293461209
28429701248 8744749928161
2625641 654104241
1 79
254313151 56239173951
0 1
35468117025 11227112313121
1885 122461
14 547
286331153 49868399761
0 1
2318107019761 897611086547351
1 31
28 2269
435984840 79771413871
1 77
118778947 23435111745
21 1261
1892332261 569234516831
1 55
1191 164289
954305 186238143
1 61
241 14911
3616 289201
81376659 22815424087
31 2791
0 1
17927094321 4108933742199
183063616 30276117361
703 74465
1483 228305
1118481 141903217
1727605 388944073
1892332261 569234516831
1727605 388944073
25260 3788851
211 12209
1108378657 306896990465
1 29
0 1
469070941 75941127625
204205 27613783
1 51
111 4641
40 4681
25646167 4044203135
17895697 2680790145
2745954241 522861237151
553 51935
518112356281 169782766699799
1 29
469070941 75941127625
651 66351
757 83215
1483 228305
2141491 507807377
292561 43067087
0 1
1926221 445209975
0 1
1 77
199411801 42512576449
168421 21766121
0 1
1892332261 569234516831
15 631
1483 228305
17847789 3756947797
12 397
551881 94469815
18279 2467531
6357828776 1614806413351
943531280 189312302221
1191 164289
39089245 5444719021
177156 16344637
47989 8877781
235794769 35979939623
38 4219
14900788 3032575309
4288306 693269347
183 9855
22624137931 6756622160671
33825 5580961
321272407 73602471905
12720 1526281
26 1951
19 1027
499738093 122444414625
1111111 114358881
67977560 10056547411
9724 1069531
26947368421 6439880978201
111151 13033657
1591616671 466081485729
62193781 16567713037
1 47
1 65
0 1
271453 26916709
0 1
12204241 1732076671
11 331
463 39775
111111111 15937424601
1 61
551881 94469815
20440 2861461
5399043 910467559
1 57
133 6095
177156 16344637
43950269320 14305508364511
0 1
0 1
1 49
39089245 5444719021
37 3997
30784 4925281
4201025641 1431325229121
1 63
1 75
97568873720 35254361467771
1 21
499738093 122444414625
1 45
35468117025 11227112313121
199411801 42512576449
22 1387
0 1
41371 3861089
14425 1803001
2955 221551
421 34481
637421 112933017
5229043 660058335
1 25
1561 246559
23 1519
406901 64775151
917087137 246620590335
65641 13456201
39714002329 9880041813223
217180147159 64724036441273
1 31
3611342281 1201590739519
24 1657
703 74465
1407 210975
637421 112933017
80603140213 28401783126661
1 57
254313151 56239173951
703 74465
757 83215
1641 265761
80603140213 28401783126661
1464 87781
0 1
0 1
1191 164289
36012943 5963602465
678724137931 229138286980801
2000719 281651707
1 55
154764793 31764328895
1 75
1727605 388944073
1407 210975
1926221 445209975
67977560 10056547411
25 1801
435984840 79771413871
67977560 10056547411
52060 9891211
32 2977
11668193551 2560599031177
813616 97576081
90054427 17053014175
113522235 17782312591
21 1261
1261 178991
346201 53037649
732541 134176679
1 73
1 41
518112356281 169782766699799
20 1141
917087137 246620590335
273 17985
0 1
34 3367
469070941 75941127625
33 3169
39 4447
54114966815 18098645905411
20 1141
917087137 246620590335
44136 7944301
0 1
4369 371281
1 63
36012943 5963602465
293292210961 90305634600775
469070941 75941127625
435984840 79771413871
1111 61051
1 43
1641 265761
0 1
1 49
6728904 1181645977
5220 469711
0 1
111 4641
507 45585
24 1657
30941 2702727
17865943320 5175854024131
56355 10989031
30941 2702727
137561 16954119
499738093 122444414625
1 29
34 3367
245411 34655985
475255 78504713
1 41
1 43
31 2791
1108378657 306896990465
158945719401 45799664012751
0 1
117507895635 43512259895911
5220 469711
13 469
22 1387
1 41
0 1
1464 87781
56355 10989031
40358374 9904907167
38 4219
3368421 521088541
1 31
3092313043 1004217121985
32 2977
1926221 445209975
1 33
931 113521
2955 221551
28 2269
8421 884101
1885 122461
518112356281 169782766699799
0 1
1 43
65641 13456201
1891142968 412989171211
44136 7944301
245411 34655985
0 1
551881 94469815
391794664941 124510466604777
1407 210975
88741 9874655
2000719 281651707
499738093 122444414625
0 1
0 1
66231629136 22744317996541
0 1
12204241 1732076671
40 4681
1 55
97568873720 35254361467771
14425 1803001
1 43
16 721
37 3997
26 1951
27 2107
24 1657
6175 586531
54114966815 18098645905411
177156 16344637
12720 1526281
4369 371281
39 4447
20 1141
1885 122461
1261 178991
9724 1069531
12720 1526281
254313151 56239173951
271453 26916709
26 1951
8108731 1087101569
67977560 10056547411
1 77
0 1
118778947 23435111745
183063616 30276117361
254313151 56239173951
19 1027
15 631
3559590240 840654878761
199411801 42512576449
381 29679
11111111 1357947691
39 4447
35468117025 11227112313121
32 2977
25260 3788851
17865943320 5175854024131
16276 2115751
0 1
1544761 338516711
168421 21766121
0 1
38 4219
44136 7944301
648232975 124328407411
1 73
24 1657
1483 228305
0 1
17865943320 5175854024131
47989 8877781
7411742281 1554473326175
33825 5580961
88741 9874655
16105 1214423
7240 723901
111111111 15937424601
17 817
5492851609441 2345353914808399
475255 78504713
137561 16954119
2318107019761 897611086547351
19 1027
1261 178991
1885 122461
1376831 293461209
406901 64775151
0 1
757 83215
881320738689 306271619861823
2613660 386128261
0 1
0 1
168041025641 65237934393961
5492851609441 2345353914808399
17847789 3756947797
3368421 521088541
1 35
111 4641
25646167 4044203135
92598520 26608993321
11155 1282711
117507895635 43512259895911
551881 94469815
5399043 910467559
1891142968 412989171211
241 14911
732541 134176679
5220 469711
1376831 293461209
1 35
1891142968 412989171211
8308825 1517044201
1 77
421 34481
43950269320 14305508364511
118778947 23435111745
1727605 388944073
4465300034131 1862194237203377
1 43
0 1
0 1
47989 8877781
1926221 445209975
993 125055
90054427 17053014175
813616 97576081
17 817
469070941 75941127625
1222981 253336447
2636996587 835312684575
25260 3788851
2613136835 593883443671
837931 158503681
703 74465
22624137931 6756622160671
5229043 660058335
2901713047669 1152425932354873
273 17985
38 4219
1 43
133 6095
20440 2861461
14900788 3032575309
292561 43067087
25 1801
678724137931 229138286980801
1 23
12204241 1732076671
1057 137345
0 1
0 1
1333 194545
40 4681
56355 10989031
651 66351
678724137931 229138286980801
39 4447
469070941 75941127625
16 721
2000719 281651707
26947368421 6439880978201
6728904 1181645977
37 3997
0 1
34636833 8258704609
41 4921
4581298449 916482272673
0 1
6357828776 1614806413351
1407 210975
837931 158503681
1 67
1641 265761
0 1
757 83215
648232975 124328407411
41 4921
754137931 196791037441
1885 122461
35 3571
16 721
177156 16344637
993 125055
651 66351
88741 9874655
0 1
39 4447
21243690 4620123691
1111111 114358881
62193781 16567713037
273 17985
837931 158503681
4785883225 1172889725401
114861197401 31964050675249
7411742281 1554473326175
4785883225 1172889725401
321272407 73602471905
1591616671 466081485729
648232975 124328407411
0 1
0 1
678724137931 229138286980801
41371 3861089
3092313043 1004217121985
1 47
3610048327641 1469627475570375
1 43
293292210961 90305634600775
732541 134176679
2745954241 522861237151
0 1
37060 6300031
651 66351
183 9855
732541 134176679
1 69
1 41
17 817
2613660 386128261
1331826343 379385286655
616067011 155853587039
3610048327641 1469627475570375
2318107019761 897611086547351
40 4681
5220 469711
8308825 1517044201
21435888 2801832661
0 1
32 2977
1108378657 306896990465
29 2437
5492851609441 2345353914808399
3368421 521088541
293292210961 90305634600775
1111 61051
18279 2467531
17927094321 4108933742199
199411801 42512576449
71270178 19483705459
217180147159 64724036441273
114861197401 31964050675249
5229043 660058335
117507895635 43512259895911
54066636 14024867221
1 33
8353082583 2196093806011
1 73
881320738689 306271619861823
8108731 1087101569
0 1
954305 186238143
16105 1214423
917087137 246620590335
1891142968 412989171211
0 1
553 51935
22624137931 6756622160671
157 7825
402234 42664987
1591616671 466081485729
0 1
2901713047669 1152425932354873
1222981 253336447
118778947 23435111745
111111111 15937424601
54114966815 18098645905411
5399043 910467559
14900788 3032575309
66231629136 22744317996541
2613136835 593883443671
1 35
22624137931 6756622160671
92598520 26608993321
271453 26916709
3257437 385749025
1376831 293461209
1 37
16 721
343 25345
703 74465
66231629136 22744317996541
25 1801
35468117025 11227112313121
54066636 14024867221
293292210961 90305634600775
22621 1840825
0 1
17895697 2680790145
0 1
30784 4925281
183063616 30276117361
12720 1526281
754137931 196791037441
0 1
2955 221551
183 9855
1 63
1464 87781
293292210961 90305634600775
4465300034131 1862194237203377
499738093 122444414625
52060 9891211
27931 4329151
678724137931 229138286980801
1 39
5399043 910467559
579195 65445871
0 1
54114966815 18098645905411
36 3781
39089245 5444719021
1 71
0 1
1111 61051
0 1
40 4681
44136 7944301
1407 210975
1 81
499738093 122444414625
41 4921
18 919
11111111 1357947691
1347368421 282280046581
8308825 1517044201
16 721
11668193551 2560599031177
26 1951
13992666605 3928690022461
4581298449 916482272673
40358374 9904907167
469070941 75941127625
8108731 1087101569
66231629136 22744317996541
435984840 79771413871
943531280 189312302221
0 1
1 35
3559590240 840654878761
813616 97576081
1641 265761
67368421 12222859361
4288306 693269347
1 59
40495 7086451
235794769 35979939623
1483 228305
1111111 114358881
3257437 385749025
0 1
1331826343 379385286655
1892332261 569234516831
499738093 122444414625
157 7825
2238976117 691369546465
30784 4925281
3610048327641 1469627475570375
469070941 75941127625
321272407 73602471905
1 49
168421 21766121
168421 21766121
25260 3788851
40 4681
16276 2115751
1 63
648232975 124328407411
133 6095
346201 53037649
5220 469711
917087137 246620590335
46812255 11815946731
88741 9874655
3092313043 1004217121985
52060 9891211
13 469
8108731 1087101569
0 1
5492851609441 2345353914808399
1 65
601 58849
158945719401 45799664012751
90054427 17053014175
5229043 660058335
1544761 338516711
25646167 4044203135
0 1
286331153 49868399761
1261 178991
3092313043 1004217121985
21435888 2801832661
292561 43067087
1082401 217726145
4465300034131 1862194237203377
1 63
23 1519
293292210961 90305634600775
39089245 5444719021
35 3571
0 1
26947368421 6439880978201
3611342281 1201590739519
1082401 217726145
3092313043 1004217121985
1885 122461
321272407 73602471905
54114966815 18098645905411
92598520 26608993321
0 1
47989 8877781
1885 122461
1134979744801 405679078421825
18279 2467531
20 1141
5229043 660058335
1483 228305
1641 265761
1591616671 466081485729
1926221 445209975
111151 13033657
1508598 201881359
40 4681
7411742281 1554473326175
40495 7086451
35468117025 11227112313121
1508598 201881359
6357828776 1614806413351
23 1519
54066636 14024867221
17 817
321272407 73602471905
11111111 1357947691
21243690 4620123691
1450358887561 532798768795327
168421 21766121
553 51935
507 45585
81376659 22815424087
1 49
0 1
54241 5386591
3610048327641 1469627475570375
154764793 31764328895
993 125055
3559590240 840654878761
26947368421 6439880978201
1 59
1 31
204205 27613783
0 1
245411 34655985
1261 178991
2000719 281651707
0 1
10862674480 2952858468421
1544761 338516711
271453 26916709
993 125055
518112356281 169782766699799
1483 228305
1 59
883708281 151396163127
0 1
16276 2115751
90054427 17053014175
648232975 124328407411
475255 78504713
21435888 2801832661
1 41
0 1
1 71
346201 53037649
0 1
0 1
1839908871711 694169599455849
13 469
6728904 1181645977
11668193551 2560599031177
1111111 114358881
4369 371281
67977560 10056547411
