0.7071
117.2902
16.7631
60.8358
67.1863
17.0294
574.9435
32.2800
36.6742
78.0000
17.0294
24.5153
64.4050
68.8840
56.3560
79.6241
29.2062
35.1710
5.0000
46.2277
57.2713
552.4238
30.4138
61.0328
121.4907
28.6356
65.1153
103.0776
50.0100
54.5619
45.2217
1037.4473
21.4009
252.4381
4725.8105
64.0078
76.6094
498.5920
29.2062
34.4819
32.3110
37.8021
341.2345
55.0818
26.2488
35.0000
34.7131
302.6301
30.4138
387.1137
22.4722
158.0411
33.5410
30.8058
145.9109
33.2415
33.1210
102.0686
56.2228
22.3607
32.9848
49.3660
24.0208
429.4147
58.7282
71.2180
54.3323
26.4008
327.1238
31.7805
169.0473
53.4135
132.1363
101.2028
125.7657
57.9741
19.6977
131.5485
20.8087
112.5877
202.8694
239.4264
26.1725
56.5862
193.0181
6.3246
77.9872
67.1193
82.0061
19.1050
32.0624
75.9276
26.0768
78.4092
11.7047
1.0000
8.9443
1.0000
4.4721
2.2361
