869.826211548
827.334195918
975.646584121
845.924146312
916.562345052
950.278675240
960.546585139
947.840464754
996.551783661
937.896515589
61.736243687
991.089556560
756.284424803
1002.913255591
931.175001782
738.934650245
949.546163422
991.812921425
804.755681679
954.267020971
699.558585105
752.711416676
970.032684427
956.701471363
993.241077554
948.128155200
441.967555936
995.670915300
984.881553023
975.632368959
909.516067285
1000.120641947
881.974247994
992.137919816
968.771643300
958.195371236
940.548659708
883.524567562
836.480985453
991.072169100
853.585640463
1025.287868277
936.255572774
593.819302293
944.768455134
987.167721496
732.982255495
902.923559578
979.063389150
957.278602910
723.859276990
1362.049587677
972.145615936
987.472715829
882.653090716
978.079051374
885.332229379
886.410391185
991.640382219
860.102252969
919.703133349
958.686805820
783.664735748
965.842774807
998.924203569
942.955372435
879.710867465
993.900088145
997.528827863
997.566587734
995.953650202
990.963307177
891.305331631
1267.543587981
928.861819459
988.319597989
987.784221017
994.764693515
952.410656797
957.261232198
904.595966818
645.770184531
1010.302087668
486.332091585
955.296738047
967.347389155
994.232916809
607.740227426
640.532559836
979.666508834
998.489360343
989.596716730
-124.678844222
992.590815661
999.921681046
672.356207768
889.101940577
694.482432861
935.445243608
874.323904818
931.025354341
927.589737781
951.289041077
970.828954954
546.833506756
475.207342124
926.738003412
997.296535526
719.459030381
801.982970337
801.091264806
987.743468593
998.611976209
949.316352501
971.645415164
941.691647263
882.778951058
987.340663128
901.680133191
982.656197311
967.151477211
995.616834877
539.738135526
965.286893004
928.391750975
994.905295383
998.103754998
954.862329603
799.152031305
933.979742604
957.480275084
883.189375621
912.183798906
841.883942457
898.774702629
892.573039899
961.993095745
965.000184634
994.528475776
987.829640939
1033.204461338
1000.422294996
964.816119308
992.107773234
952.208134198
904.959555511
143.734177214
995.889923368
847.068219187
995.877758393
982.004282116
1000.003801463
999.038132270
1000.000451225
996.001129069
1000.066865161
998.002767176
999.000302445
998.000326768
969.000882181
998.001219481
998.000325777
998.000039931
999.012992122
997.000716484
1000.003964383
1000.000937678
998.001663900
991.001222340
998.000037669
995.000151037
992.000746214
996.000550365
1000.000611752
999.000709879
999.001735028
998.001239836
998.001671246
998.007022873
1000.000466147
1000.000571268
988.002114923
998.000339963
999.058270415
1000.000128058
1000.025056497
1000.001307987
996.001345497
994.000570011
997.002582875
998.000567467
994.003433673
1000.000245921
989.000959648
993.002105488
999.002281694
1000.001049587
998.001087000
998.000468089
991.000147053
