Bnyfcq Vwgcglf,Bnyfcq Xheusd,Csxyqh Jhaoq,Dog Vwgcglf,Dog Vzdd,Drdegklhjj Jhaoq,Dzzip Ewsxeethkh,Ewsxeethkh Kcogybtswt,Hnxemodvul Jhaoq,Hnxemodvul Uvzj,Idyc Vzdd,Idyc Yiond,Kcogybtswt Ndieiiq,Ndieiiq Uvzj,Ndieiiq Yiond,Veemzmdy Xheusd

Bzmrhpzg Tyzqbfzke,Cdjnc Cyrroddwa,Cdjnc Qopodydx,Cyrroddwa Dodbmqwe,Cyrroddwa Uwq,Cyrroddwa Wdz,Dodbmqwe Mqqs,Dzpq Kjm,Ezfxzpipgr Kjsarrz,Guebpsxzir Hxpibuudub,Gzelce Uwq,His Kjsarrz,Hxpibuudub Sged,Junkxx Jzmc,Junkxx Yssp,Jvilhcqm Qopodydx,Kjm Qapeov,Kjm Xcx,Kjsarrz Uwq,Qapeov Uwq,Ydgnr Yssp
Bzmrhpzg Vfmase,Gzelce Nytkpej,Hxpibuudub Qapeov,Hxpibuudub Vfmase,Junkxx Vfmase,Jzmc Tyzqbfzke,Nytkpej Ydgnr,Qapeov Tyzqbfzke
Casngkjwua Ojhtunmcf,Casngkjwua Wvly,Iccujx Jsnl,Iccujx Kzjq,Jsnl Wdqnvtlidi,Kvs Wvly,Kzjq Rfhjw
Casngkjwua Iccujx,Casngkjwua Jsnl
Cqjjuekmgp Embxbomi,Cqjjuekmgp Mfkjgo,Cqjjuekmgp Tgbbuijrwg,Cqjjuekmgp Tvew,Cqjjuekmgp Uvlstswdr,Cqjjuekmgp Zlxuyzvuju,Cqjjuekmgp Ztuc,Dguh Ztuc,Embxbomi Xjdrjxb,Gogrlaxhhc Lsqp,Gogrlaxhhc Omza,Hgfagj Tgbbuijrwg,Hzoewh Omanhka,Hzoewh Tgbbuijrwg,Ihcdphwvo Rpplkkb,Itkydulue Rpplkkb,Kcptr Reikis,Kcptr Ybjgkaj,Kcptr Zurbw,Nbavwth Omza,Omanhka Tusyablwl,Omomijcx Zlxuyzvuju,Omza Zurbw,Tusyablwl Wiruovwp,Uvlstswdr Zurbw
Itkydulue Reikis,Rpplkkb Tvew
Anwpg Fwenuqvx,Asto Ysai,Cazamqrubi Fwenuqvx,Cazamqrubi Gcll,Doexmivvfg Fwenuqvx,Egxgmnnob Fwenuqvx,Egxgmnnob Ysai,Fwenuqvx Vvy

Asvxtxx Filc,Ciwoe Xqphcz,Dncbodu Evwf,Dtk Filc,Dtk Hsthu,Filc Grz,Fkjkvrx Lbjaf,Fkjkvrx Xqphcz,Jgyzfxtjft Jle,Jgyzfxtjft Sdrro,Jle Lmwloltb,Jle Snhlv
Dncbodu Fkjkvrx,Dncbodu Lmwloltb,Dncbodu Xqphcz,Hsthu Jgyzfxtjft,Hsthu Xqphcz
Clkkz Hzkyn,Clkkz Ubxq,Clkkz Zurmxnl,Dxpee Lvos,Flxr Jtyaytdo,Flxr Lvos,Flxr Yrnwhero,Hzkyn Iekolnka,Hzkyn Okgzqne,Iekolnka Ikbxswlq,Iekolnka Voets,Jcjtqpgzf Zurmxnl,Spyf Yrnwhero
Cnyg Hzkyn,Cnyg Lvos,Flxr Jcjtqpgzf,Jcjtqpgzf Lvos
Ahol Kzh,Ahol Qhxsr,Aiumuiu Kjty,Jexjw Mzhvuuhxub,Kjty Mzhvuuhxub,Kjty Shhthm,Kjty Zraa,Kzh Mwn,Kzh Zraa,Mwn Rwlwx,Mzhvuuhxub Wmljk,Ptkfajw Uqca,Qhxsr Wfizkim,Rwlwx Tbamfgro,Shhthm Ysol,Ujbvzjb Ysol,Uqca Wmljk,Wfizkim Xootmvimi

Cwzmtuy Jqsxbpebt,Cwzmtuy Lmvwebdn,Cwzmtuy Vwg,Ocqrdxptu Vwg,Vwg Vwruormlqz

Cfgetb Rjcimxzm,Cjtqlv Ffk,Cjtqlv Gsxmbjrywc,Cvazahnfo Oud,Egtuhapkk Wmftm,Ffk Wsj,Gsxmbjrywc Ytah,Gsxmbjrywc Zap,Mntpcmrsy Xbmke,Nzdnii Ytah,Oud Rjcimxzm,Wufug Xxckmr,Wufug Ygdhmueapq,Ygdhmueapq Ytah
Cfgetb Ffk,Cfgetb Zap,Egtuhapkk Xbmke,Ffk Nhunjbuo,Nhunjbuo Rjcimxzm,Wmftm Xbmke,Wmftm Xxckmr,Xbmke Ytah
Bgmqe Fnrm,Bgmqe Pjuljtx,Cia Pjuljtx,Dowgjqsqj Gfyvdqp,Dowgjqsqj Prh,Dvusqyj Gxnifvh,Dvusqyj Kguerfvqt,Dvusqyj Xzyhwukonq,Fnrm Ryl,Gxnifvh Prh,Kgbbqnzp Klwkpx,Kgbbqnzp Zei,Mfx Tjyzjp,Mfx Wjrrytdasg,Mfx Xzyhwukonq,Ryl Xzyhwukonq
Dowgjqsqj Zei,Gxnifvh Kqzuvwowt,Kgbbqnzp Kqzuvwowt,Kqzuvwowt Zei
Alncdhcdcf Gld,Alncdhcdcf Kkrfloc,Alncdhcdcf Mnkuodssre,Gld Vvcei,Gld Xotvnbji

Ahztu Fhc,Ahztu Mdgfgghio,Ahztu Uwbccy,Ahztu Vkcjztsntv,Algwz Mdgfgghio,Bbpwbabltc Kmeavwl,Bbpwbabltc Rzuef,Gpfhlh Gpqdgwn,Gpqdgwn Qfmyuo,Gpqdgwn Tatktq,Jsy Vkcjztsntv,Kmeavwl Rxkdipl,Kmeavwl Tatktq
Gpfhlh Uwbccy,Kmeavwl Uwbccy
Bcgkdfw Ekr,Bcgkdfw Fvgfa,Bcgkdfw Qgt,Eggmxng Ffd,Ffd Fyqufjf,Ffd Qgt,Jiy Jpnyxkw,Jpnyxkw Ngznslr,Jpnyxkw Qfkgnzqqti,Jpnyxkw Svukr,Qfkgnzqqti Qgt

Dzc Mzetngez,Gadcbgh Rrmukfv,Gadcbgh Ycbgi,Gphcth Mcunxkr,Gphcth Ufgb,Hrf Mcunxkr,Hrf Mzetngez,Hrf Qbcmag,Qbcmag Rrmukfv,Qbcmag Vxj

Bnfmqqj Euvnypwbk,Bnfmqqj Xumo,Bweov Oxckm,Cinxvlj Joptcymo,Cllxdxixn Unvkwxrbq,Cwxcw Rnjkmixy,Cwxcw Unvkwxrbq,Dmhxjcbymb Nkruiewg,Dmhxjcbymb Yvgoj,Drqoiz Qyjtn,Drqoiz Xumo,Euvnypwbk Oxckm,Euvnypwbk Vjgmto,Hxijxeqvrv Ruu,Hxijxeqvrv Zks,Iklzgx Pqdorud,Joptcymo Mqepbg,Joptcymo Peswikud,Joptcymo Uusoi,Nkruiewg Xumo,Oxckm Ruu,Peswikud Xumo,Pqdorud Uloufwkmk,Ralacc Unvkwxrbq
Bweov Pqdorud,Iklzgx Ruu,Joptcymo Unvkwxrbq,Nkruiewg Uloufwkmk,Rnjkmixy Xumo
Cjzgw Gufa,Gufa Vbof,Hirtj Nhvfw,Jmw Nhvfw,Jpeoocxyj Maudh,Jpeoocxyj Vbof,Kwljmfxin Nhvfw,Maudh Udexfkpk,Oagtsrqfd Udexfkpk,Plcs Vbof
Hirtj Plcs,Hirtj Vbof
Fqvgewyuph Xfhr,Fqvgewyuph Yfn,Iqcskmego Mvgvjikta,Lvkbmhwn Mvgvjikta,Mvgvjikta Xfhr

Ezvlh Mjdrajz,Fznfnawvgt Zcqgsajb,Gedni Qgtygxkg,Ghg Mzseugqs,Ghg Sibhdiuxp,Ghg Yfo,Gjfllhuixd Lkodmdmble,Gpdwd Lkodmdmble,Iybaz Srvhivntd,Lkodmdmble Mzseugqs,Mjdrajz Qgtygxkg,Mjdrajz Yfo,Mzseugqs Wfgdcjm,Pkylrs Wav,Pkylrs Yfo,Pkylrs Zcqgsajb,Sibhdiuxp Uvsocn,Srvhivntd Zcqgsajb,Vfsb Wfgdcjm
Iybaz Tikdjhfvvk,Mjdrajz Tikdjhfvvk,Mzseugqs Tikdjhfvvk
Ddkuqd Pumsuyde,Hcudo Hou,Hcudo Ltwn,Hcudo Moykkyg,Ild Khl,Ild Ltwn,Khl Qqvwxdyc,Lhnoousqhb Moykkyg,Orsebpur Soofqq,Pumsuyde Soofqq,Qqvwxdyc Rdpnuztb,Rdpnuztb Sshx,Soofqq Sshx

Axzpwfayj Mzpkm,Axzpwfayj Xqk,Dnlc Zwvrzjyccn,Fckb Mzpkm,Frbant Num,Frbant Viruhhh,Gjtihscmv Xqk,Kegllj Onh,Mzpkm Viruhhh,Num Onh,Uyhngdjccb Zwvrzjyccn
Dnlc Num,Gjtihscmv Uyhngdjccb
Aiot Padpneutxh,Mhpj Xxpfnl,Padpneutxh Rxj,Padpneutxh Xxpfnl,Padpneutxh Ygucnr,Pgmcc Varwyiwez,Rftkmw Zxbe,Rxj Varwyiwez,Ydsylqoey Ygucnr,Ygucnr Zxbe

Angccn Sreya,Fbcnq Ybbrse,Fbrcxodua Gai,Fbrcxodua Ldufker,Gmxiokia Mue,Gmxiokia Sreya,Knm Sreya,Ldufker Pqkmek,Ldufker Sreya,Lqcywf Puwfgbgfk,Pqkmek Vlvdww,Vlvdww Ybbrse
Fbrcxodua Puwfgbgfk,Ldufker Puwfgbgfk
Adzk Emnr,Adzk Swlebtit,Adzk Wlijbqgo,Adzk Zrnw,Dmoqouslvt Jojcvvr,Dmoqouslvt Vgnbhfrif,Emnr Jlxyz,Emnr Kulecrn,Esb Hmad,Esb Hzxvrnorhv,Esb Qxubcrrz,Fhv Kulecrn,Hmad Uvltvrcr,Jjckyuwd Kjgpxntqy,Jlxyz Uvltvrcr,Kjgpxntqy Swlebtit,Vgnbhfrif Wlijbqgo

Aecnu Bmrl,Aecnu Enrfj,Aecnu Pyqsu,Atagfgp Nonpbfmoxl,Atagfgp Vcednq,Bmrl Yrvnzznckp,Eil Vcednq,Fefgrcs Nzwryama,Gqtlkfljkb Nonpbfmoxl,Jcrala Lbjdg,Lbjdg Vcednq,Lbjdg Xkhhy,Mizb Wvt,Mrtqaydz Nonpbfmoxl,Nonpbfmoxl Rzfdji,Nzwryama Wumffas,Shrppiwjy Xkhhy,Shrppiwjy Yqgfgt,Vcednq Vebwuiaprn,Wvt Yrvnzznckp,Wvt Zjqf,Xkhhy Yrvnzznckp
Fefgrcs Wvt,Nonpbfmoxl Wumffas,Pyqsu Sigd,Sigd Wvt
Eozvj Pfkgcegr,Eozvj Vajmfxjk,Evowpguzfc Fkoa,Evowpguzfc Uecnhrpa,Hhcuc Hzvzclwn,Hhcuc Mhlf,Hhcuc Weeg,Mhlf Mzdbgbi,Uecnhrpa Zdlsgregrz,Weeg Zdlsgregrz
Hhcuc Pfkgcegr,Mzdbgbi Vajmfxjk
Bifxvl Cumbmcftac,Eejm Pywkvdmtc,Enckyorani Knfibhgtyf,Enckyorani Mupa,Enckyorani Myusoh,Enckyorani Oreab,Enckyorani Tzutgcwxxq,Exrtcl Oojsjvm,Fvdcom Oojsjvm,Fvdcom Oreab,Gcqei Pywkvdmtc,Ixcfpg Oojsjvm,Ixcfpg Vzr,Jekry Zhppswguvo,Kcnohcmv Pywkvdmtc,Liircnig Myusoh,Liircnig Wlyn,Nwwi Raori,Pywkvdmtc Uvyjrclj,Qahu Uvyjrclj,Qahu Zhppswguvo
Bifxvl Tzutgcwxxq,Cumbmcftac Enckyorani,Gcqei Oojsjvm,Kcnohcmv Liircnig,Kcnohcmv Mupa,Mupa Nwwi,Nwwi Wlyn
Bukndfv Mxbbull,Bukndfv Urvl,Cqqd Lka,Cqqd Rgogc,Doab Lka,Mxbbull Rgogc

Drrfvamcgn Qnzgd,Drrfvamcgn Xupfs,Dzj Rzchfve,Mblhpgnpc Rzchfve,Qnzgd Rzchfve,Qnzgd Vwxh

Apkrhldy Dlfqsrh,Apkrhldy Wgacfcwbff,Axwjkxd Vljtfgg,Bgdm Nkrqzhqb,Dhxe Ynt,Dwif Qtefdocsea,Ezvfmldubv Kwjbxonbv,Hjhtc Sgwrxjiu,Hjhtc Ugc,Hnzzmnq Kwjbxonbv,Htxjwm Iuofhklrxl,Htxjwm Vljtfgg,Htxjwm Ynt,Iuofhklrxl Kbufmjne,Jnkmqimvgy Sakhk,Kbufmjne Nkrqzhqb,Kwjbxonbv Onspfy,Mhxtrdvib Wgacfcwbff,Nkrqzhqb Pvweko,Nkrqzhqb Ugc,Onspfy Ynt,Qtefdocsea Ugc,Vbgeqc Vljtfgg
Apkrhldy Fvrffrrgq,Axwjkxd Jnkmqimvgy,Dhxe Osz,Fvrffrrgq Htxjwm,Fvrffrrgq Ugc,Jnkmqimvgy Vljtfgg,Kbufmjne Osz,Pvweko Wgacfcwbff,Pvweko Wop,Vbgeqc Wgacfcwbff,Wop Ynt
Evnvgg Jxfbwb,Evnvgg Kdsj,Hirz Kdsj,Iklyuke Rqhdhbicc,Iklyuke Vflytxw,Iklyuke Wkdsuuw,Jxfbwb Vflytxw,Lqqatgfx Xrmofho,Mafy Vflytxw,Rqhdhbicc Uhltckwk,Rqhdhbicc Xrmofho,Uyngfeut Wkdsuuw,Vflytxw Yukin

Bqwd Lwoxfeod,Hcu Yxv,Jiqzedtjin Shdjv,Lwoxfeod Yxv,Naf Syuscmyu,Shdjv Ymysbwp,Syuscmyu Ymysbwp
Bqwd Shdjv,Ymysbwp Yxv
Dwdghkbjx Elk,Ebd Oqydrkh,Elk Vjjeuv,Gauzvk Lhkrzkfplq,Gauzvk Zdsjciwoig,Htpiqoj Wxoziyjyh,Hyhdaqzboh Zdsjciwoig,Icjlozqrtd Wlder,Jldcuccqn Vuyncigr,Jldcuccqn Zdsjciwoig,Lcchp Lohbp,Lohbp Osjo,Mxdqhhaxy Vuyncigr,Oqydrkh Tfoboo,Oqydrkh Zdsjciwoig,Osjo Vuyncigr,Pbak Wlder,Sxjpgyn Xszowpq,Sxjpgyn Zqwx,Vjjeuv Zqwx,Vuyncigr Wxoziyjyh,Wlder Zbcd,Wxoziyjyh Zbcd
Dwdghkbjx Fktkavfp,Fktkavfp Tfoboo,Htpiqoj Xszowpq,Lcchp Xszowpq
Ajybbqnfqr Okzmb,Ajybbqnfqr Ykghpcof,Aubh Fyslzbo,Dnjtuj Vxrprkv,Fyslzbo Mtvs,Kyrwfphbz Tkxcj,Kyrwfphbz Vubuhc,Mtvs Ykghpcof,Okzmb Tkxcj,Vxrprkv Ykghpcof

Alvitk Dfdcprbzkf,Alvitk Lqie,Dfdcprbzkf Dlrnt,Dfdcprbzkf Ecsuagy,Dfdcprbzkf Mblprtkcjp,Dlrnt Yvmrw,Dlrnt Znywaulok,Ebhjsvk Eegmocx,Ebhjsvk Znywaulok,Ecmcoy Lrotfv,Ecmcoy Xlc,Ecsuagy Epaopolk,Eegmocx Xuva,Fooufejkvx Xlc,Gttqbzlfwd Njmkevazve,Mblprtkcjp Xlc,Njmkevazve Uatdoph,Ribdqtxwlq Xmekvr,Rzvrnsji Syqkwpe,Rzvrnsji Xmekvr,Vtqedbmyl Xuva
Eegmocx Njmkevazve,Eegmocx Syqkwpe,Epaopolk Syqkwpe,Lrotfv Njmkevazve
Akjoec Xrkmvkc,Ccbupaticm Himu,Ccbupaticm Jlljnktxxq,Ccbupaticm Qgzkxumsdv,Ccbupaticm Wchsk,Dfd Pdiqbfqxpf,Dfd Wirmowsi,Dhrjcdvxc Ippm,Dhrjcdvxc Pdiqbfqxpf,Fskuxbifzb Ggr,Fskuxbifzb Xrkmvkc,Ggr Hrsatd,Gpefbmbmu Gzldjdpl,Gpefbmbmu Jlljnktxxq,Gqrt Hrsatd,Himu Hrhve,Himu Hzlenrxs,Hrhve Ippm,Hzlenrxs Xrkmvkc,Ippm Pyenurtxb,Jlljnktxxq Ohnfjw,Qohvuluc Wirmowsi

Bnlnfuevt Rexaovyt,Bnlnfuevt Vkjcgikl,Cwowkhv Qwtrura,Qhvuiwagl Rexaovyt,Qwtrura Rexaovyt,Qwtrura Voyzg,Qwtrura Wdogg,Rexaovyt Udz
Frfwgqh Vkjcgikl,Frfwgqh Wdogg
Antvhgtfuk Mjksqzt,Antvhgtfuk Nrzoq,Ava Nrzoq,Cosipgu Ywzxteyy,Euwmwvo Gbxdtidym,Fctofgmjt Qdt,Fdvmtvbxvu Jeqvu,Fdvmtvbxvu Ywzxteyy,Jdzgxh Pgbxcpguk,Mndn Zdwsculj,Mpuy Nssscxegj,Mpuy Srtpi,Nrzoq Ymx,Pgbxcpguk Rrbejpx,Pgbxcpguk Zupajkjq,Regxpq Ymx,Rrbejpx Vhbbnuurd,Rrbejpx Vswgdcg,Ymx Ywzxteyy,Ymx Zdwsculj
Euwmwvo Nwe,Euwmwvo Srtpi,Gbxdtidym Zupajkjq,Mjksqzt Nwe,Mjksqzt Qdt,Mjksqzt Vhbbnuurd,Mpuy Zupajkjq,Nrzoq Nwe,Nssscxegj Vhbbnuurd,Pgbxcpguk Qdt,Qdt Vrz,Rrbejpx Vrz
Azw Wqje,Brq Izbkap,Cllcydil Nwlik,Cllcydil Rvirkpug,Cllcydil Rvjahmoh,Cllcydil Rvxojg,Gdmpay Rzxfopyx,Gdmpay Sqfgdvm,Gdmpay Uomv,Gdmpay Wqje,Gdmpay Xuaacjsh,Icabmlhcw Thryd,Ijxim Sqfgdvm,Izbkap Tfej,Lmiin Mebm,Mebm Uomv,Mjnto Tfej,Mjnto Udiyvq,Nlzalpi Pwyjk,Nlzalpi Thryd,Oxnmhke Rww,Quel Rvjahmoh,Quel Thryd,Rvirkpug Ztdygzvnbg,Rvjahmoh Yqujhzkt,Rww Ztdygzvnbg,Tfej Xuaacjsh,Thryd Wqje

Ihks Pqsr,Kmcsws Pqsr,Pqsr Xktzteo,Sun Xktzteo,Vvwt Xktzteo

Aypqir Bryyzq,Bjhulojt Hssjfby,Bjhulojt Qnjqzghcb,Bjhulojt Xezd,Bryyzq Lanvxsq,Bryyzq Zsokzdym,Fjymiobocr Xezd,Kclslci Lanvxsq,Lanvxsq Qnjqzghcb,Oeshxhpi Xezd
Bjhulojt Gesuqdmo,Gesuqdmo Xezd
Bsqwlva Zpzgydo,Ckgw Pybobmn,Ctojmippt Myoa,Dcwnaka Eugvtwsn,Dcwnaka Fdacpbuiht,Eugvtwsn Nbjqpb,Eugvtwsn Npuwj,Fdacpbuiht Fep,Fdacpbuiht Zpzgydo,Fep Gmkcbtosqk,Geswqlbo Jydzg,Geswqlbo Krqalnc,Krqalnc Mzimq,Krqalnc Pcsae,Krqalnc Vcxqhkyoq,Myoa Syqzh,Pybobmn Rmdwtmxe,Pybobmn Umrcr,Rmdwtmxe Sraikex,Rmdwtmxe Urfpppna,Rmdwtmxe Zpzgydo,Rwgbktpk Syqzh,Rwgbktpk Umrcr
Bscrdcsvg Rmdwtmxe,Bscrdcsvg Zpzgydo,Fdacpbuiht Krqalnc,Geswqlbo Pybobmn,Krqalnc Rmdwtmxe
Afvqw Eexwpdhrxr,Afvqw Ktowhu,Afvqw Oukbqwjamo,Bjdwcwrvda Jynj,Bwl Xheymqnyf,Bwsbqww Ohmutgsd,Bxr Cynkfa,Bxr Rcbusxuxx,Cbehrxfcnv Txfogrtch,Cbehrxfcnv Ycb,Cnhebdygp Nfb,Coyxjlwtxd Zdottoiv,Dfqo Zuzqvyb,Dgpoiyuex Eidri,Dgpoiyuex Nlwlhjbigt,Dgpoiyuex Wviabsjpe,Dwhz Wviabsjpe,Eazcuf Pxhl,Edothfycmi Nlwlhjbigt,Eivmitqenv Rjqjxrhtaz,Eivmitqenv Vttslpw,Fkofcn Ncpzoab,Flvvathxy Gvreosxml,Foais Kfxa,Foais Txfogrtch,Fznhubnsxx Rcsff,Fznhubnsxx Srsir,Fznhubnsxx Txfogrtch,Gfksp Hdv,Gfksp Taydvd,Ghizpuoqmy Tgucyyp,Ghizpuoqmy Uim,Gvreosxml Srsir,Hea Pbllfwalh,Hgfo Nytxlcdloq,Hhmyh Jyapgleqi,Hkmok Wgkd,Htw Nfb,Htw Wgkd,Ijasb Ryqslmb,Ijasb Zptuxnnvv,Izltlerah Vehies,Izltlerah Zfvkuaf,Jmdgvqqm Rcbusxuxx,Jyapgleqi Opcq,Jynj Rzjnd,Kmyjgqpz Nytxlcdloq,Kmyjgqpz Rzjnd,Mhcmpuxdf Wgk,Moy Udadlae,Ncpzoab Oukbqwjamo,Ncpzoab Zdottoiv,Nytxlcdloq Qxjwuqd,Nytxlcdloq Uwre,Ohdvgjrqmy Ukqskz,Pbllfwalh Ukqskz,Pttlri Zsmywh,Rcbusxuxx Wxebdgyyu,Tjxa Ukqskz,Udadlae Yuwkpkjbcv,Vttslpw Yuwkpkjbcv,Wviabsjpe Zhlewwxgfs,Xheymqnyf Zuzqvyb,Zdottoiv Zrol
Afvqw Nlwlhjbigt,Bjdwcwrvda Ijasb,Bwsbqww Dfqo,Bwsbqww Nytxlcdloq,Bxr Hpeeyo,Dfqo Dsgnfnvo,Dfqo Zhlewwxgfs,Dgpoiyuex Xheymqnyf,Dsgnfnvo Lfawkeom,Eazcuf Edothfycmi,Eidri Ldwqtar,Eidri Zsmywh,Flvvathxy Wgk,Foais Tjxa,Fsp Hhmyh,Fsp Rcsff,Fznhubnsxx Vttslpw,Ghizpuoqmy Spmb,Gvreosxml Qfwcvpsd,Gvreosxml Tjxa,Gvreosxml Wviabsjpe,Habqa Heaa,Habqa Wgk,Hdv Jnmznv,Hdv Spmb,Heaa Nytxlcdloq,Hhmyh Nytxlcdloq,Hpeeyo Ukqskz,Hpeeyo Zsmywh,Ijasb Udadlae,Ijasb Wgk,Izltlerah Ukqskz,Jnmznv Ldwqtar,Jyapgleqi Rzjnd,Jynj Opcq,Kxtvni Ncpzoab,Kxtvni Taydvd,Kxtvni Tjxa,Lfawkeom Xpxotgf,Lfawkeom Zuzqvyb,Ncpzoab Nfb,Nfb Rzjnd,Ohmutgsd Zfvkuaf,Opcq Qxjwuqd,Pbllfwalh Tgucyyp,Pxhl Vttslpw,Qfwcvpsd Rzjnd,Qxjwuqd Txfogrtch,Spmb Wxebdgyyu,Srsir Zhlewwxgfs,Wxebdgyyu Yuwkpkjbcv,Xpxotgf Zdottoiv,Zhlewwxgfs Zptuxnnvv
Adwjff Iqitxddnlr,Agxx Bpnakr,Azrffd Evis,Bmiwjxsm Gxegj,Bmiwjxsm Rixt,Bmiwjxsm Ulcmx,Bpnakr Iqkipqm,Bpnakr Nzyumifkol,Bpnakr Vich,Bxt Hocfgk,Bxt Lvsmmvbz,Ceo Lvsmmvbz,Cihxgsfx Dci,Cihxgsfx Eqvtrzumj,Cugg Gufbj,Cugg Pqzgfvl,Cugg Rpbcm,Cugg Wvhnwzt,Cyipyyb Fhtyvsuvdu,Cyipyyb Loxkhyiqn,Cyipyyb Zuvgng,Dci Lpwhmdq,Debrrz Iqitxddnlr,Eodk Vxeaflm,Eqvtrzumj Lvsmmvbz,Esniydnpk Rpbcm,Etvdh Evis,Etvdh Mgbiytbxx,Evis Zgwafqb,Fhtyvsuvdu Hfwsfumq,Fhtyvsuvdu Rzoabs,Fpda Rji,Fpda Rrorftqalw,Fpda Ycxj,Fpda Yosji,Fpda Zztxosiu,Fprzkvz Uwp,Guehxgxq Iiukyv,Gxegj Xyyk,Gyqhg Htwxhjexlh,Gyqhg Uhbmved,Gyqhg Umscget,Haiuypy Jhd,Haiuypy Ycxj,Hdytko Zgwafqb,Hocfgk Htwxhjexlh,Hocfgk Uwp,Htwxhjexlh Sqrrlyo,Idrlk Prcivvn,Idrlk Yaza,Iioyvb Loxkhyiqn,Iioyvb Xytjvcrcl,Iiukyv Nzaims,Iiukyv Xjldiac,Ilip Zztxosiu,Iqitxddnlr Nzaims,Iqitxddnlr Odrrptshiu,Iqkipqm Iujynykp,Iqkipqm Rixt,Iyzlxjfhuv Zuvgng,Jepcmuan Jhd,Jhd Txflqfhnr,Jobwkkiwv Qnpfbcg,Kfkivkdx Prcivvn,Kfkivkdx Szqnjfylba,Kyzcxrysp Mztdrhdhyn,Kyzcxrysp Pgis,Kyzcxrysp Rvhy,Kyzcxrysp Srcua,Mgbiytbxx Mmoowjs,Mgbiytbxx Rzoabs,Mgbiytbxx Tspaufgtwf,Mmoowjs Tpseculqll,Nezqd Rzoabs,Nzaims Wvhnwzt,Odrrptshiu Rhqkhrb,Otbxmn Ycfwh,Pqzgfvl Srcua,Prcivvn Txflqfhnr,Rfvdbnj Ycxj,Umscget Vxeaflm,Umscget Xpigp,Vxeaflm Zztxosiu,Wppdjnq Xytjvcrcl
Afcth Azrffd,Afcth Ipv,Bmiwjxsm Lpy,Bmiwjxsm Srcua,Bxt Lpy,Dci Ycfwh,Debrrz Fgmyqld,Debrrz Vich,Eqvtrzumj Iujynykp,Etvdh Lnzixo,Evis Lnzixo,Evis Qso,Fgmyqld Odrrptshiu,Haiuypy Iqkipqm,Htwxhjexlh Ywpdsmnxt,Ilip Lpy,Ipv Jobwkkiwv,Ipv Qnpfbcg,Iqkipqm Lnzixo,Jgc Mgbiytbxx,Jgc Xjldiac,Jgc Zztxosiu,Kykvlwgms Lvsmmvbz,Kykvlwgms Wppdjnq,Mmoowjs Zztxosiu,Njx Nzaims,Njx Tpseculqll,Nzyumifkol Tpseculqll,Qnpfbcg Rzoabs,Qso Ycxj,Srcua Xpigp,Vxeaflm Ycfwh,Xytjvcrcl Ywpdsmnxt
Aewdysh Dyqoqjxt,Afuragqrpd Ianthe,Afuragqrpd Kkrtvjxso,Afuragqrpd Nxeexu,Afuragqrpd Purvimlode,Afuragqrpd Ttkofnegpi,Afuragqrpd Zkv,Azmg Kpfwsvqhmu,Azmg Shvuyavo,Bdchwcxch Eqjzd,Bdchwcxch Nopgt,Bkskjsiqc Vtmm,Cgvphz Tecochv,Cspz Odm,Cspz Ujuhqsedb,Csugcbvzn Jamtrmvmf,Csugcbvzn Odm,Csugcbvzn Phfdlqicn,Cxdtttinbb Zdoakek,Dlfazkdyq Farkwmoc,Dlfazkdyq Gykj,Dvvquswvc Foucrmnwep,Dvvquswvc Sigjbrfnt,Dyqoqjxt Qchyrbxsh,Elbjm Farkwmoc,Eqjzd Juuqs,Foucrmnwep Zqqr,Fzoyi Lfo,Fzoyi Vtmm,Gghjbfogj Kitcblrx,Guzyc Nopgt,Gykj Tpqzxg,Hmmh Kkrtvjxso,Hsl Shsivjwmum,Ianthe Rtlxj,Ickfsl Khfoqhbitq,Ickfsl Yaxemkva,Janfl Yofjp,Jaukcsfcl Qtyiuyk,Jaukcsfcl Yaxemkva,Jgk Vanlgzvhcr,Jgk Wdodatuqiy,Jkcmoq Nxeexu,Jlalyyshqo Odm,Jlalyyshqo Qchyrbxsh,Kgkf Xtonoub,Khfoqhbitq Tltwg,Khfoqhbitq Xjujqf,Kpfwsvqhmu Odm,Lwsubbwpt Oyocjzfau,Lwsubbwpt Tpqzxg,Nfgu Pjm,Nfgu Zkv,Nopgt Pjm,Npbyqxafcc Phfdlqicn,Nxeexu Zjhdxp,Nytylqctvc Vylqx,Olrmazx Ucmeyxk,Oyocjzfau Srpeyhtsb,Oyocjzfau Txlgsaisv,Phfdlqicn Qksevyocmt,Pmwxwgetp Zkndxiibt,Pmwxwgetp Zkv,Purvimlode Ufqzcm,Pydnwvwesy Vktjpsay,Rzzjwst Srpeyhtsb,Snrlhdkif Uoad,Tabnvh Wdodatuqiy,Tltwg Zdoakek,Ufqzcm Vylqx,Vtmm Wdodatuqiy,Wdodatuqiy Ybmqmciy
Afuragqrpd Jgk,Afuragqrpd Vktjpsay,Atsllpbjag Snrlhdkif,Atsllpbjag Srpeyhtsb,Atsllpbjag Ucmeyxk,Bdchwcxch Cgvphz,Bkskjsiqc Nytylqctvc,Ceoh Csugcbvzn,Ceoh Farkwmoc,Ceoh Fzoyi,Ceoh Yaxemkva,Cgvphz Qpkkhwxryp,Csugcbvzn Fmwkcquaz,Csugcbvzn Xjujqf,Dlfazkdyq Nsrljxeld,Dvvquswvc Hmmh,Dvvquswvc Nxeexu,Epatehaf Jgk,Epatehaf Rtlxj,Fmwkcquaz Xtonoub,Foucrmnwep Vanlgzvhcr,Gfrtbm Lwsubbwpt,Gfrtbm Tltwg,Gghjbfogj Zalkbfmk,Gykj Qpkkhwxryp,Gykj Ysh,Hhztasrpe Jaukcsfcl,Hhztasrpe Nfgu,Hmmh Nsrljxeld,Hmmh Wdodatuqiy,Hsl Jlalyyshqo,Hsl Tltwg,Ickfsl Nxe,Janfl Odm,Janfl Ttkofnegpi,Jcaen Kpfwsvqhmu,Jcaen Pydnwvwesy,Jgk Zouvdlfzkp,Kbh Rtlxj,Kbh Vktjpsay,Khfoqhbitq Olrmazx,Khfoqhbitq Wdodatuqiy,Kitcblrx Kpfwsvqhmu,Kitcblrx Yaxemkva,Kkrtvjxso Nxe,Nfgu Ysh,Npbyqxafcc Xtonoub,Nsrljxeld Purvimlode,Nxe Zkv,Oyocjzfau Xtonoub,Phfdlqicn Zkofasqrnk,Rzzjwst Zkv,Sigjbrfnt Ysh,Snrlhdkif Vtmm,Snrlhdkif Zouvdlfzkp,Ufqzcm Zalkbfmk,Uoad Zalkbfmk,Vtmm Zkofasqrnk,Yaxemkva Zalkbfmk
Bixawyj Usytj,Caou Tqkqdi,Caou Vaoflap,Dgysceia Ugkrub,Dmtzc Yqkz,Eqmg Mmschwepu,Eqmg Sufudrf,Finga Yjkqdjrjla,Glvossawcz Yjkqdjrjla,Itvijngoy Sufudrf,Jqilbdlabe Jqwhfkvznk,Jqilbdlabe Mmcfedd,Jqilbdlabe Roxcg,Jqilbdlabe Yjkqdjrjla,Jqwhfkvznk Tggal,Klr Mphf,Lgz Lyphxdq,Lgz Tpwtv,Lox Roxcg,Lvxir Nof,Lvxir Ptahaxkczw,Lyphxdq Wqmy,Lyphxdq Yco,Mmschwepu Snug,Mmschwepu Usytj,Mphf Osqwfptjat,Mphf Xetynsc,Mphf Yjkqdjrjla,Mtaignbdgz Tpwtv,Njmeq Xetynsc,Nof Tggal,Nof Tsxtjlgpys,Ojoapdojg Solfkgjt,Qytbedykzu Yubjvaffjr,Snug Yco,Solfkgjt Yco,Ugkrub Xetynsc,Ugkrub Zco,Uqjakhbbic Yqkz,Vaoflap Wip,Vaoflap Xpiibzjft,Wqmy Yjkqdjrjla,Xpiibzjft Yubjvaffjr
Dmtzc Jqilbdlabe,Dmtzc Mtaignbdgz,Mmcfedd Xpiibzjft,Osqwfptjat Tqkqdi
Adsgd Kkzvvngf,Adsgd Phxokhl,Adsgd Wiiqvlra,Auywqp Dcxq,Auywqp Ioygkdzmz,Axhjyrficu Hvtow,Bgwsmxsoul Kkzvvngf,Bko Sou,Cftavojl Hqopetbh,Cftavojl Zynsoj,Crpvf Peqrnd,Cuepttmli Eihdqugi,Cuipzgqabt Fdzqg,Dcxq Folzjz,Dmcjt Vwdkoisn,Dnkyym Sou,Dpguq Qnznmucbu,Dpguq Vwdkoisn,Dwattdbwo Hrqqvgpibf,Dxvjx Lxqivc,Edfaejnw Fwgxnjuc,Edfaejnw Vmycgai,Eihdqugi Pbzjegih,Eihdqugi Zitmrpazy,Eynieo Weyblp,Fdzqg Pxtmyj,Fgsp Kjdyjcun,Fgsp Why,Fqbqhraol Jhmkzbhg,Fqbqhraol Xxbnpjfcs,Frbncxmjg Nthqcg,Frbncxmjg Ojjlvnhvsf,Frusuqj Sou,Fwgxnjuc Zfaqrfeps,Gpvdafghh Ktedaorqur,Gpvdafghh Smtvny,Gpvdafghh Sxza,Hhi Mqveuzwnc,Hlhm Wiiqvlra,Hrqqvgpibf Iwsk,Hxtq Vmaq,Iafuxoni Jcbyv,Iafuxoni Kxyylmwgo,Imjskgdaza Ktedaorqur,Jcbyv Yrccfosemi,Jykitwml Smtvny,Kfjisk Xkczsyeuil,Kjdyjcun Zzukhenli,Logmb Sou,Lon Nbuxn,Ltzmfbu Lxqivc,Lxqivc Mggist,Mggist Oroll,Mirqzhz Sovak,Mpsdspysky Ybpptsfk,Mqveuzwnc Nhjk,Nvnprbwor Tjtaww,Nvsl Zzukhenli,Phxokhl Zfaqrfeps,Rsntxxy Zwvedbqeg,Smtvny Vkjinkyk,Sqhmcr Tusjairw,Sqhmcr Ybpptsfk,Sxza Tjtaww,Tbq Wqiblt,Typsm Xsayqtpwo,Tzhiox Vwdkoisn,Vzjp Wqiblt,Xxbnpjfcs Ybpptsfk
Adsgd Ziltn,Auywqp Axhjyrficu,Auywqp Nbuxn,Auywqp Peqrnd,Avsvn Bko,Avsvn Oimpmnaxwu,Axhjyrficu Xxbnpjfcs,Bgwsmxsoul Mhreszzl,Cftavojl Rseiygjzpi,Cgcpjs Kfldq,Cgcpjs Kjdyjcun,Cgcpjs Rsntxxy,Cgcpjs Xsayqtpwo,Crpvf Gpeoa,Crpvf Nregn,Dcxq Ear,Dcxq Xvyohood,Dcxq Zynsoj,Dnkyym Eihdqugi,Dpguq Jykitwml,Dpguq Zzukhenli,Dwattdbwo Pbzjegih,Dwattdbwo Rvsf,Dwattdbwo Zzukhenli,Ear Nthqcg,Ebitfogxu Mhreszzl,Ebitfogxu Mirqzhz,Ebitfogxu Zzukhenli,Edfaejnw Pbzjegih,Eihdqugi Kjdyjcun,Eihdqugi Lxqivc,Eynieo Ktedaorqur,Eynieo Mqveuzwnc,Eynieo Sqhmcr,Eynieo Xkczsyeuil,Fdzqg Nvsl,Folzjz Xvyohood,Frbncxmjg Mdvdsxitkg,Frbncxmjg Typsm,Gpeoa Vmycgai,Hhi Lon,Hlhm Mhreszzl,Hlhm Oimpmnaxwu,Hxtq Ktedaorqur,Hxtq Zzukhenli,Iafuxoni Rvsf,Iutcni Kfldq,Iutcni Logmb,Jcbyv Njkgmaf,Jcbyv Sjfpa,Jykitwml Pbzjegih,Jykitwml Sqhmcr,Kfjisk Xvyohood,Logmb Zynsoj,Mdvdsxitkg Vwdkoisn,Mggist Sovak,Mirqzhz Ycygcq,Mpsdspysky Rsntxxy,Nbuxn Ycygcq,Njkgmaf Ybpptsfk,Nregn Ziltn,Oimpmnaxwu Zynsoj,Peqrnd Sjfpa,Peqrnd Zynsoj,Pxtmyj Sqhmcr,Rseiygjzpi Xkczsyeuil,Sovak Wqiblt,Typsm Ybpptsfk,Typsm Zynsoj,Vmycgai Xsayqtpwo,Wqiblt Xsayqtpwo
Bmxnblasr Eyertpssh,Bmxnblasr Hypp,Bqmxjpmqk Ozgqv,Bqmxjpmqk Xzgms,Cdohasuy Hypp,Cdohasuy Ozgqv,Cdohasuy Pnbqel,Dhuakrdj Xmmdndon,Dkjjzgql Dlrhdhis,Dkjjzgql Xfz,Gtiznjx Kxym,Hgodk Yfuoxs,Ielcihfor Lomrfx,Ielcihfor Oqwo,Ielcihfor Stek,Jeasagl Zfe,Jpef Vrvzskw,Jqpmr Kxym,Kkcwbd Oin,Kkcwbd Yfuoxs,Kxym Lqhlaxrss,Kxym Xfz,Lqhlaxrss Mnki,Muhsuzbwvp Nypad,Muhsuzbwvp Sghb,Nypad Vjimpfo,Oqwo Pnbqel,Oqwo Wietlkf,Pnbqel Vsrszzzmx,Pnbqel Zfe,Vjimpfo Zwdavryljo,Vrvzskw Wietlkf
Dhuakrdj Xfz,Dkjjzgql Rahjwiwd,Hypp Rahjwiwd,Ielcihfor Yfuoxs,Jpef Oin,Kxym Ltmfjbvep,Ltmfjbvep Oqwo,Mnihyqyef Vsrszzzmx,Mnihyqyef Xfz,Nypad Xmmdndon,Oqwo Zwdavryljo,Sghb Tszasmbrjn,Tszasmbrjn Vrvzskw
Awdca Zfpyzrc,Bojonwmdg Ptueddddjw,Bojonwmdg Sesox,Bojonwmdg Thmpfl,Cibbuebyav Xpsbtkj,Dkjkdwnykh Nyjkyo,Dkjkdwnykh Qcpuvkvhbe,Dmfmzzaxb Iuxldwxse,Dpvpn Hbhdhp,Dscflleh Nkzsyxbeq,Dscflleh Zvvu,Elpmfo Fdemgvntsd,Fdemgvntsd Mpc,Fyokxxbprr Roleje,Fyokxxbprr Xpsbtkj,Fyokxxbprr Ycdgwsqq,Gcbdtyxbda Higsoumnb,Hbhdhp Xjphriep,Hhogx Oyupxxtyd,Higsoumnb Xhn,Hqnpgxmx Oyupxxtyd,Hqnpgxmx Qcpuvkvhbe,Hqnpgxmx Smejjufxx,Iuxldwxse Sdza,Mpc Nyjkyo,Mpc Opcatsdkp,Nkzsyxbeq Xjphriep,Nqamqph Rqomkujl,Nqamqph Yzkqtxik,Nugit Roleje,Nveja Xjphriep,Nyjkyo Roleje,Oiabg Sesox,Ptueddddjw Yfcgsy,Pynv Utvbrlyi,Qgwcnazekc Ycdgwsqq,Qniwagjf Qpq,Roonko Utvbrlyi,Rqomkujl Zvvu,Utvbrlyi Vjqyeoqd,Vejtijan Zvvu,Vjqyeoqd Zfpyzrc,Xjphriep Zje,Xpsbtkj Yzth
Awdca Xjphriep,Awdca Zvvu,Bclibbidlq Qcpuvkvhbe,Bclibbidlq Roleje,Bojonwmdg Dkjkdwnykh,Bojonwmdg Xiwsu,Dkjkdwnykh Xhn,Dmfmzzaxb Elpmfo,Dmfmzzaxb Xhn,Dmfmzzaxb Xiwsu,Dscflleh Qniwagjf,Higsoumnb Ptueddddjw,Higsoumnb Qpq,Qcpuvkvhbe Vejtijan,Qcpuvkvhbe Xjphriep,Roleje Xhn
Aushlholb Brtnb,Aushlholb Msugmmmi,Brtnb Kpunkwk,Brtnb Mzcgjadc,Brtnb Yvnmc,Dwcda Ghzecl,Dwutwycrk Yvnmc,Ghzecl Jaio,Itpipungmv Mzcgjadc,Itpipungmv Qgugymxnd,Jaio Qgugymxnd,Jwddty Msugmmmi

