96389
137200
72609
138174
98823
65713
12517
-3420
46273
122701
120428
44917
40137
107409
44032
22093
2976
110309
34987
62885
113360
119336
13010
54626
135901
84884
75550
14289
138221
21736
80461
45149
132506
96404
121095
58360
22521
25936
1328
3802
62958
75941
4769
111046
121414
104689
112755
94192
47857
97588
48976
123994
41675
6985
130527
81855
54462
126839
63565
59716
58419
139802
653
45024
132412
42086
8134
52407
116466
81185
131348
36810
65849
129425
143680
132344
5425
102113
151722
23135
123172
49740
43843
130301
-1831
119615
8250
135053
69483
80672
96425
101374
101716
-1265
42626
23474136
18419411
10454326
19422769
23597711
7883533
28856857
2876340
9035771
13718228
10093772
16702891
22478178
2122319
13287260
29076730
2239567
907055
13318785
260427
22885107
8207520
4185274
21454785
2922048
