12976
IMPOSSIBLE
7312
7904
IMPOSSIBLE
10564
8750
11307
IMPOSSIBLE
IMPOSSIBLE
IMPOSSIBLE
342
2489
1991
1458
1133
5397
IMPOSSIBLE
2880
321
2176
1131
832
6292
4094
1147
326
11074
828
IMPOSSIBLE
7440
2158
IMPOSSIBLE
7365
6324
342
530
4695
1088
3891
5936
2093
4382
8540
1314
3370
2590
1980
4121
853
1586
2024
3924
3348
3743
14065
4437
1464
1235
1043
1712
320
5779
1099
0
5955
294
1013
979
5025
884
2739
4039
260
3836
915
IMPOSSIBLE
2418
1194
2305
1359
11214
2458
515
2805
2145
2509
1312
1160
2233
8226
5470
6316
2970
2565
16182
8391
3631
525
4670
2919
5633
IMPOSSIBLE
4772
507
IMPOSSIBLE
4355
669
1456
1920
1315
1164
826
IMPOSSIBLE
620
9155
7855
8765
990
731
